<?xml version="1.0" encoding="UTF-8"?>
<!-- Generated by org.testng.reporters.JUnitXMLReporter -->
<testsuite hostname="DESKTOP-IUV45J7" ignored="0" name="Mercurytsparamtest" tests="3" failures="0" timestamp="15 Jun 2019 05:41:00 GMT" time="18.286" errors="0">
  <testcase name="loginwithvalidds1" time="3.985" classname="com.model.MercurytsparamTest"/>
  <testcase name="loginwithvalidds2" time="4.111" classname="com.model.MercurytsparamTest"/>
  <testcase name="loginwithvalidds3" time="3.439" classname="com.model.MercurytsparamTest"/>
</testsuite> <!-- Mercurytsparamtest -->
